  DDADrawLine.cpp
d:\opengl\projects\win32glproject\win32glproject\ddadrawline.cpp(31): warning C4244: “参数”: 从“float”转换到“int”，可能丢失数据
d:\opengl\projects\win32glproject\win32glproject\ddadrawline.cpp(46): warning C4244: “=”: 从“int”转换到“float”，可能丢失数据
d:\opengl\projects\win32glproject\win32glproject\ddadrawline.cpp(47): warning C4244: “=”: 从“int”转换到“float”，可能丢失数据
d:\opengl\projects\win32glproject\win32glproject\ddadrawline.cpp(48): warning C4244: “=”: 从“int”转换到“float”，可能丢失数据
d:\opengl\projects\win32glproject\win32glproject\ddadrawline.cpp(49): warning C4244: “=”: 从“int”转换到“float”，可能丢失数据
d:\opengl\projects\win32glproject\win32glproject\ddadrawline.cpp(70): warning C4244: “初始化”: 从“int”转换到“float”，可能丢失数据
d:\opengl\projects\win32glproject\win32glproject\ddadrawline.cpp(71): warning C4244: “初始化”: 从“int”转换到“float”，可能丢失数据
d:\opengl\projects\win32glproject\win32glproject\ddadrawline.cpp(77): warning C4244: “=”: 从“int”转换到“float”，可能丢失数据
d:\opengl\projects\win32glproject\win32glproject\ddadrawline.cpp(78): warning C4244: “=”: 从“int”转换到“float”，可能丢失数据
d:\opengl\projects\win32glproject\win32glproject\ddadrawline.cpp(80): warning C4244: “参数”: 从“float”转换到“GLint”，可能丢失数据
d:\opengl\projects\win32glproject\win32glproject\ddadrawline.cpp(87): warning C4244: “=”: 从“int”转换到“float”，可能丢失数据
d:\opengl\projects\win32glproject\win32glproject\ddadrawline.cpp(88): warning C4244: “=”: 从“int”转换到“float”，可能丢失数据
d:\opengl\projects\win32glproject\win32glproject\ddadrawline.cpp(90): warning C4244: “参数”: 从“float”转换到“GLint”，可能丢失数据
d:\opengl\projects\win32glproject\win32glproject\ddadrawline.cpp(100): warning C4244: “初始化”: 从“double”转换到“int”，可能丢失数据
d:\opengl\projects\win32glproject\win32glproject\ddadrawline.cpp(126): warning C4244: “=”: 从“int”转换到“GLfloat”，可能丢失数据
d:\opengl\projects\win32glproject\win32glproject\ddadrawline.cpp(127): warning C4244: “=”: 从“int”转换到“GLfloat”，可能丢失数据
d:\opengl\projects\win32glproject\win32glproject\ddadrawline.cpp(149): warning C4068: 未知的杂注
d:\opengl\projects\win32glproject\win32glproject\ddadrawline.cpp(264): warning C4244: “参数”: 从“float”转换到“int”，可能丢失数据
  Win32GLProject.vcxproj -> D:\OpenGL\Projects\Win32GLProject\Debug\Win32GLProject.exe
  Win32GLProject.vcxproj -> D:\OpenGL\Projects\Win32GLProject\Debug\Win32GLProject.pdb (Partial PDB)
